{"loglevel":"INFO","time":"2018-04-01T01:00:41.969+0530","caller":"log/log.go:85","msg":"Log this to file","service":"online-assesment-app","version":"1.0"}
{"loglevel":"ERROR","time":"2018-04-01T02:13:22.972+0530","caller":"log/log.go:95","msg":"unexpected error getting db connection","service":"ARC-IN-GO","version":"1.0","err":"invalid DSN: missing the slash separating the database name","stacktrace":"github.com/deepak11627/arc/log.(*Logger).Error\n\t/home/deepak/go/src/github.com/deepak11627/arc/log/log.go:95\nmain.main\n\t/home/deepak/go/src/github.com/deepak11627/arc/main.go:40\nruntime.main\n\t/usr/local/go/src/runtime/proc.go:195"}
{"loglevel":"ERROR","time":"2018-04-01T02:14:25.063+0530","caller":"log/log.go:95","msg":"unexpected error getting db connection","service":"ARC-IN-GO","version":"1.0","err":"invalid DSN: missing the slash separating the database name","stacktrace":"github.com/deepak11627/arc/log.(*Logger).Error\n\t/home/deepak/go/src/github.com/deepak11627/arc/log/log.go:95\nmain.main\n\t/home/deepak/go/src/github.com/deepak11627/arc/main.go:40\nruntime.main\n\t/usr/local/go/src/runtime/proc.go:195"}
{"loglevel":"ERROR","time":"2018-04-01T02:15:07.935+0530","caller":"log/log.go:95","msg":"unexpected error getting db connection","service":"ARC-IN-GO","version":"1.0","err":"invalid DSN: missing the slash separating the database name","stacktrace":"github.com/deepak11627/arc/log.(*Logger).Error\n\t/home/deepak/go/src/github.com/deepak11627/arc/log/log.go:95\nmain.main\n\t/home/deepak/go/src/github.com/deepak11627/arc/main.go:40\nruntime.main\n\t/usr/local/go/src/runtime/proc.go:195"}
{"loglevel":"ERROR","time":"2018-04-01T02:16:55.164+0530","caller":"log/log.go:95","msg":"unexpected error getting db connection","service":"ARC-IN-GO","version":"1.0","err":"invalid DSN: missing the slash separating the database name","stacktrace":"github.com/deepak11627/arc/log.(*Logger).Error\n\t/home/deepak/go/src/github.com/deepak11627/arc/log/log.go:95\nmain.main\n\t/home/deepak/go/src/github.com/deepak11627/arc/main.go:40\nruntime.main\n\t/usr/local/go/src/runtime/proc.go:195"}
{"loglevel":"ERROR","time":"2018-04-01T21:55:03.897+0530","caller":"log/log.go:95","msg":"unexpected error getting db connection","service":"ARC-IN-GO","version":"1.0","err":"invalid DSN: missing the slash separating the database name","stacktrace":"github.com/deepak11627/arc/log.(*Logger).Error\n\t/home/deepak/go/src/github.com/deepak11627/arc/log/log.go:95\nmain.main\n\t/home/deepak/go/src/github.com/deepak11627/arc/main.go:40\nruntime.main\n\t/usr/local/go/src/runtime/proc.go:195"}
{"loglevel":"DEBUG","time":"2018-04-01T21:56:00.802+0530","caller":"log/log.go:80","msg":"Adding a new entry item to cache.","service":"ARC-IN-GO","version":"1.0","item":"&{key:q value:w ll:<nil> el:<nil> ghost:false}"}
{"loglevel":"DEBUG","time":"2018-04-01T21:56:00.802+0530","caller":"log/log.go:80","msg":"Case 4","service":"ARC-IN-GO","version":"1.0","item":"&{key:q value:w ll:<nil> el:<nil> ghost:false}"}
{"loglevel":"DEBUG","time":"2018-04-01T21:56:02.766+0530","caller":"log/log.go:80","msg":"Adding a new entry item to cache.","service":"ARC-IN-GO","version":"1.0","item":"&{key:a value:s ll:<nil> el:<nil> ghost:false}"}
{"loglevel":"DEBUG","time":"2018-04-01T21:56:02.766+0530","caller":"log/log.go:80","msg":"Case 4","service":"ARC-IN-GO","version":"1.0","item":"&{key:a value:s ll:<nil> el:<nil> ghost:false}"}
{"loglevel":"DEBUG","time":"2018-04-01T21:56:05.002+0530","caller":"log/log.go:80","msg":"Adding a new entry item to cache.","service":"ARC-IN-GO","version":"1.0","item":"&{key:z value:x ll:<nil> el:<nil> ghost:false}"}
{"loglevel":"DEBUG","time":"2018-04-01T21:56:05.002+0530","caller":"log/log.go:80","msg":"Case 4","service":"ARC-IN-GO","version":"1.0","item":"&{key:z value:x ll:<nil> el:<nil> ghost:false}"}
{"loglevel":"DEBUG","time":"2018-04-01T21:56:15.917+0530","caller":"log/log.go:80","msg":"Reading a value from cache, will adjust its position","service":"ARC-IN-GO","version":"1.0","item_keu":"a"}
{"loglevel":"DEBUG","time":"2018-04-01T21:56:15.917+0530","caller":"log/log.go:80","msg":"Case 1","service":"ARC-IN-GO","version":"1.0","item":"&{key:a value:s ll:0xc42006af90 el:0xc42006b0b0 ghost:false}"}
{"loglevel":"DEBUG","time":"2018-04-01T21:56:31.641+0530","caller":"log/log.go:80","msg":"Adding a new entry item to cache.","service":"ARC-IN-GO","version":"1.0","item":"&{key:e value:r ll:<nil> el:<nil> ghost:false}"}
{"loglevel":"DEBUG","time":"2018-04-01T21:56:31.641+0530","caller":"log/log.go:80","msg":"Case 4","service":"ARC-IN-GO","version":"1.0","item":"&{key:e value:r ll:<nil> el:<nil> ghost:false}"}
{"loglevel":"DEBUG","time":"2018-04-01T21:56:31.641+0530","caller":"log/log.go:80","msg":"Moving item from T1 to B1","service":"ARC-IN-GO","version":"1.0","item":"&{key:q value:w ll:0xc42006af90 el:0xc42006b080 ghost:false}"}
{"loglevel":"DEBUG","time":"2018-04-01T21:56:44.783+0530","caller":"log/log.go:80","msg":"Reading a value from cache, will adjust its position","service":"ARC-IN-GO","version":"1.0","item_keu":"q"}
{"loglevel":"DEBUG","time":"2018-04-01T21:56:44.783+0530","caller":"log/log.go:80","msg":"Case 2","service":"ARC-IN-GO","version":"1.0","item":"&{key:q value:w ll:0xc42006aff0 el:0xc42006b140 ghost:true}"}
{"loglevel":"DEBUG","time":"2018-04-01T21:56:44.783+0530","caller":"log/log.go:80","msg":"Moving item from T1 to B1","service":"ARC-IN-GO","version":"1.0","item":"&{key:z value:x ll:0xc42006af90 el:0xc42006b0e0 ghost:false}"}
{"loglevel":"DEBUG","time":"2018-04-01T22:37:02.634+0530","caller":"log/log.go:80","msg":"Adding a new entry item to cache.","service":"ARC-IN-GO","version":"1.0","item":"&{key:q value:w ll:<nil> el:<nil> ghost:false}"}
{"loglevel":"DEBUG","time":"2018-04-01T22:37:02.964+0530","caller":"log/log.go:80","msg":"Case 4","service":"ARC-IN-GO","version":"1.0","item":"&{key:q value:w ll:<nil> el:<nil> ghost:false}"}
{"loglevel":"DEBUG","time":"2018-04-01T22:37:04.892+0530","caller":"log/log.go:80","msg":"Item found in cache, will adjust its position","service":"ARC-IN-GO","version":"1.0","item_key":"q"}
{"loglevel":"DEBUG","time":"2018-04-01T22:37:04.892+0530","caller":"log/log.go:80","msg":"Case 1","service":"ARC-IN-GO","version":"1.0","item":"&{key:q value:w ll:0xc420078f90 el:0xc4200790b0 ghost:false}"}
{"loglevel":"DEBUG","time":"2018-04-01T22:37:06.957+0530","caller":"log/log.go:80","msg":"Adding a new entry item to cache.","service":"ARC-IN-GO","version":"1.0","item":"&{key:a value:s ll:<nil> el:<nil> ghost:false}"}
{"loglevel":"DEBUG","time":"2018-04-01T22:37:06.957+0530","caller":"log/log.go:80","msg":"Case 4","service":"ARC-IN-GO","version":"1.0","item":"&{key:a value:s ll:<nil> el:<nil> ghost:false}"}
{"loglevel":"DEBUG","time":"2018-04-01T22:37:08.973+0530","caller":"log/log.go:80","msg":"Adding a new entry item to cache.","service":"ARC-IN-GO","version":"1.0","item":"&{key:z value:x ll:<nil> el:<nil> ghost:false}"}
{"loglevel":"DEBUG","time":"2018-04-01T22:37:08.973+0530","caller":"log/log.go:80","msg":"Case 4","service":"ARC-IN-GO","version":"1.0","item":"&{key:z value:x ll:<nil> el:<nil> ghost:false}"}
{"loglevel":"DEBUG","time":"2018-04-01T22:37:11.273+0530","caller":"log/log.go:80","msg":"Item found in cache, will adjust its position","service":"ARC-IN-GO","version":"1.0","item_key":"a"}
{"loglevel":"DEBUG","time":"2018-04-01T22:37:11.274+0530","caller":"log/log.go:80","msg":"Case 1","service":"ARC-IN-GO","version":"1.0","item":"&{key:a value:s ll:0xc420078f90 el:0xc420079110 ghost:false}"}
{"loglevel":"DEBUG","time":"2018-04-01T22:37:16.804+0530","caller":"log/log.go:80","msg":"Adding a new entry item to cache.","service":"ARC-IN-GO","version":"1.0","item":"&{key:e value:r ll:<nil> el:<nil> ghost:false}"}
{"loglevel":"DEBUG","time":"2018-04-01T22:37:16.805+0530","caller":"log/log.go:80","msg":"Case 4","service":"ARC-IN-GO","version":"1.0","item":"&{key:e value:r ll:<nil> el:<nil> ghost:false}"}
{"loglevel":"DEBUG","time":"2018-04-01T22:37:21.982+0530","caller":"log/log.go:80","msg":"Adding a new entry item to cache.","service":"ARC-IN-GO","version":"1.0","item":"&{key:f value:g ll:<nil> el:<nil> ghost:false}"}
{"loglevel":"DEBUG","time":"2018-04-01T22:37:21.982+0530","caller":"log/log.go:80","msg":"Case 4","service":"ARC-IN-GO","version":"1.0","item":"&{key:f value:g ll:<nil> el:<nil> ghost:false}"}
{"loglevel":"DEBUG","time":"2018-04-01T22:37:21.982+0530","caller":"log/log.go:80","msg":"Moving item from T1 to B1","service":"ARC-IN-GO","version":"1.0","item":"&{key:z value:x ll:0xc420078f90 el:0xc420079140 ghost:false}"}
